<?xml version="1.0" encoding="UTF-8"?>
<!-- Generated by org.testng.reporters.JUnitXMLReporter -->
<testsuite ignored="10" hostname="MT-4QQN6L3" failures="0" tests="1" name="Default test" time="15.503" errors="0" timestamp="2022-08-03T11:30:36 IST">
  <testcase classname="com.mindtree.runner.Runner" name="promoHome" time="15.207"/>
  <testcase classname="com.mindtree.runner.Runner" name="navigationWash" time="0.0">
    <ignored/>
  </testcase> <!-- navigationWash -->
  <testcase classname="com.mindtree.runner.Runner" name="signUpEmailInvalid" time="0.0">
    <ignored/>
  </testcase> <!-- signUpEmailInvalid -->
  <testcase classname="com.mindtree.runner.Runner" name="pngDisplay" time="0.0">
    <ignored/>
  </testcase> <!-- pngDisplay -->
  <testcase classname="com.mindtree.runner.Runner" name="pngRedirect" time="0.0">
    <ignored/>
  </testcase> <!-- pngRedirect -->
  <testcase classname="com.mindtree.runner.Runner" name="changeLanguage" time="0.0">
    <ignored/>
  </testcase> <!-- changeLanguage -->
  <testcase classname="com.mindtree.runner.Runner" name="tncFooter" time="0.0">
    <ignored/>
  </testcase> <!-- tncFooter -->
  <testcase classname="com.mindtree.runner.Runner" name="footerPowder" time="0.0">
    <ignored/>
  </testcase> <!-- footerPowder -->
  <testcase classname="com.mindtree.runner.Runner" name="signUpValid" time="0.0">
    <ignored/>
  </testcase> <!-- signUpValid -->
  <testcase classname="com.mindtree.runner.Runner" name="searchText" time="0.0">
    <ignored/>
  </testcase> <!-- searchText -->
  <testcase classname="com.mindtree.runner.Runner" name="liveChat" time="0.0">
    <ignored/>
  </testcase> <!-- liveChat -->
</testsuite> <!-- Default test -->
