<?xml version="1.0" encoding="UTF-8"?>
<testng-results ignored="0" total="11" passed="10" failed="1" skipped="0">
  <reporter-output>
  </reporter-output>
  <suite started-at="2022-07-28T21:55:01 IST" name="Default suite" finished-at="2022-07-28T22:04:45 IST" duration-ms="583628">
    <groups>
    </groups>
    <test started-at="2022-07-28T21:55:01 IST" name="Default test" finished-at="2022-07-28T22:04:45 IST" duration-ms="583628">
      <class name="com.mindtree.runner.Runner">
        <test-method is-config="true" signature="extentReport()[pri:0, instance:com.mindtree.runner.Runner@2ef3eef9]" started-at="2022-07-28T21:55:01 IST" name="extentReport" finished-at="2022-07-28T21:55:01 IST" duration-ms="519" status="PASS">
          <reporter-output>
          </reporter-output>
        </test-method> <!-- extentReport -->
        <test-method is-config="true" signature="newObjects()[pri:0, instance:com.mindtree.runner.Runner@2ef3eef9]" started-at="2022-07-28T21:55:01 IST" name="newObjects" finished-at="2022-07-28T21:55:01 IST" duration-ms="9" status="PASS">
          <reporter-output>
          </reporter-output>
        </test-method> <!-- newObjects -->
        <test-method signature="changeLanguage()[pri:0, instance:com.mindtree.runner.Runner@2ef3eef9]" started-at="2022-07-28T21:55:01 IST" name="changeLanguage" finished-at="2022-07-28T21:56:12 IST" duration-ms="70524" status="PASS">
          <reporter-output>
          </reporter-output>
        </test-method> <!-- changeLanguage -->
        <test-method is-config="true" signature="flushReport()[pri:0, instance:com.mindtree.runner.Runner@2ef3eef9]" started-at="2022-07-28T21:56:12 IST" name="flushReport" finished-at="2022-07-28T21:56:12 IST" duration-ms="263" status="PASS">
          <reporter-output>
          </reporter-output>
        </test-method> <!-- flushReport -->
        <test-method is-config="true" signature="newObjects()[pri:0, instance:com.mindtree.runner.Runner@2ef3eef9]" started-at="2022-07-28T21:56:12 IST" name="newObjects" finished-at="2022-07-28T21:56:12 IST" duration-ms="0" status="PASS">
          <reporter-output>
          </reporter-output>
        </test-method> <!-- newObjects -->
        <test-method signature="footerPowder()[pri:0, instance:com.mindtree.runner.Runner@2ef3eef9]" started-at="2022-07-28T21:56:12 IST" name="footerPowder" finished-at="2022-07-28T21:56:25 IST" duration-ms="12570" status="PASS">
          <reporter-output>
          </reporter-output>
        </test-method> <!-- footerPowder -->
        <test-method is-config="true" signature="flushReport()[pri:0, instance:com.mindtree.runner.Runner@2ef3eef9]" started-at="2022-07-28T21:56:25 IST" name="flushReport" finished-at="2022-07-28T21:56:25 IST" duration-ms="26" status="PASS">
          <reporter-output>
          </reporter-output>
        </test-method> <!-- flushReport -->
        <test-method signature="liveChat()[pri:0, instance:com.mindtree.runner.Runner@2ef3eef9]" started-at="2022-07-28T21:56:25 IST" name="liveChat" finished-at="2022-07-28T21:56:49 IST" duration-ms="24875" status="PASS">
          <reporter-output>
          </reporter-output>
        </test-method> <!-- liveChat -->
        <test-method is-config="true" signature="newObjects()[pri:0, instance:com.mindtree.runner.Runner@2ef3eef9]" started-at="2022-07-28T21:56:25 IST" name="newObjects" finished-at="2022-07-28T21:56:25 IST" duration-ms="0" status="PASS">
          <reporter-output>
          </reporter-output>
        </test-method> <!-- newObjects -->
        <test-method is-config="true" signature="flushReport()[pri:0, instance:com.mindtree.runner.Runner@2ef3eef9]" started-at="2022-07-28T21:56:49 IST" name="flushReport" finished-at="2022-07-28T21:56:50 IST" duration-ms="39" status="PASS">
          <reporter-output>
          </reporter-output>
        </test-method> <!-- flushReport -->
        <test-method is-config="true" signature="newObjects()[pri:0, instance:com.mindtree.runner.Runner@2ef3eef9]" started-at="2022-07-28T21:56:50 IST" name="newObjects" finished-at="2022-07-28T21:56:50 IST" duration-ms="0" status="PASS">
          <reporter-output>
          </reporter-output>
        </test-method> <!-- newObjects -->
        <test-method signature="navigationWash()[pri:0, instance:com.mindtree.runner.Runner@2ef3eef9]" started-at="2022-07-28T21:56:50 IST" name="navigationWash" finished-at="2022-07-28T21:57:07 IST" duration-ms="17385" status="PASS">
          <reporter-output>
          </reporter-output>
        </test-method> <!-- navigationWash -->
        <test-method is-config="true" signature="flushReport()[pri:0, instance:com.mindtree.runner.Runner@2ef3eef9]" started-at="2022-07-28T21:57:07 IST" name="flushReport" finished-at="2022-07-28T21:57:07 IST" duration-ms="30" status="PASS">
          <reporter-output>
          </reporter-output>
        </test-method> <!-- flushReport -->
        <test-method is-config="true" signature="newObjects()[pri:0, instance:com.mindtree.runner.Runner@2ef3eef9]" started-at="2022-07-28T21:57:07 IST" name="newObjects" finished-at="2022-07-28T21:57:07 IST" duration-ms="0" status="PASS">
          <reporter-output>
          </reporter-output>
        </test-method> <!-- newObjects -->
        <test-method signature="pngDisplay()[pri:0, instance:com.mindtree.runner.Runner@2ef3eef9]" started-at="2022-07-28T21:57:07 IST" name="pngDisplay" finished-at="2022-07-28T21:57:20 IST" duration-ms="13011" status="PASS">
          <reporter-output>
          </reporter-output>
        </test-method> <!-- pngDisplay -->
        <test-method is-config="true" signature="flushReport()[pri:0, instance:com.mindtree.runner.Runner@2ef3eef9]" started-at="2022-07-28T21:57:20 IST" name="flushReport" finished-at="2022-07-28T21:57:20 IST" duration-ms="25" status="PASS">
          <reporter-output>
          </reporter-output>
        </test-method> <!-- flushReport -->
        <test-method is-config="true" signature="newObjects()[pri:0, instance:com.mindtree.runner.Runner@2ef3eef9]" started-at="2022-07-28T21:57:20 IST" name="newObjects" finished-at="2022-07-28T21:57:20 IST" duration-ms="0" status="PASS">
          <reporter-output>
          </reporter-output>
        </test-method> <!-- newObjects -->
        <test-method signature="pngRedirect()[pri:0, instance:com.mindtree.runner.Runner@2ef3eef9]" started-at="2022-07-28T21:57:20 IST" name="pngRedirect" finished-at="2022-07-28T22:01:14 IST" duration-ms="234162" status="PASS">
          <reporter-output>
          </reporter-output>
        </test-method> <!-- pngRedirect -->
        <test-method is-config="true" signature="flushReport()[pri:0, instance:com.mindtree.runner.Runner@2ef3eef9]" started-at="2022-07-28T22:01:14 IST" name="flushReport" finished-at="2022-07-28T22:01:14 IST" duration-ms="21" status="PASS">
          <reporter-output>
          </reporter-output>
        </test-method> <!-- flushReport -->
        <test-method is-config="true" signature="newObjects()[pri:0, instance:com.mindtree.runner.Runner@2ef3eef9]" started-at="2022-07-28T22:01:14 IST" name="newObjects" finished-at="2022-07-28T22:01:14 IST" duration-ms="0" status="PASS">
          <reporter-output>
          </reporter-output>
        </test-method> <!-- newObjects -->
        <test-method signature="promoHome()[pri:0, instance:com.mindtree.runner.Runner@2ef3eef9]" started-at="2022-07-28T22:01:14 IST" name="promoHome" finished-at="2022-07-28T22:01:46 IST" duration-ms="31717" status="PASS">
          <reporter-output>
          </reporter-output>
        </test-method> <!-- promoHome -->
        <test-method is-config="true" signature="flushReport()[pri:0, instance:com.mindtree.runner.Runner@2ef3eef9]" started-at="2022-07-28T22:01:46 IST" name="flushReport" finished-at="2022-07-28T22:01:46 IST" duration-ms="18" status="PASS">
          <reporter-output>
          </reporter-output>
        </test-method> <!-- flushReport -->
        <test-method signature="searchText()[pri:0, instance:com.mindtree.runner.Runner@2ef3eef9]" started-at="2022-07-28T22:01:46 IST" name="searchText" finished-at="2022-07-28T22:02:21 IST" duration-ms="34711" status="PASS">
          <reporter-output>
          </reporter-output>
        </test-method> <!-- searchText -->
        <test-method is-config="true" signature="newObjects()[pri:0, instance:com.mindtree.runner.Runner@2ef3eef9]" started-at="2022-07-28T22:01:46 IST" name="newObjects" finished-at="2022-07-28T22:01:46 IST" duration-ms="0" status="PASS">
          <reporter-output>
          </reporter-output>
        </test-method> <!-- newObjects -->
        <test-method is-config="true" signature="flushReport()[pri:0, instance:com.mindtree.runner.Runner@2ef3eef9]" started-at="2022-07-28T22:02:21 IST" name="flushReport" finished-at="2022-07-28T22:02:21 IST" duration-ms="21" status="PASS">
          <reporter-output>
          </reporter-output>
        </test-method> <!-- flushReport -->
        <test-method is-config="true" signature="newObjects()[pri:0, instance:com.mindtree.runner.Runner@2ef3eef9]" started-at="2022-07-28T22:02:21 IST" name="newObjects" finished-at="2022-07-28T22:02:21 IST" duration-ms="0" status="PASS">
          <reporter-output>
          </reporter-output>
        </test-method> <!-- newObjects -->
        <test-method signature="signUpEmailInvalid()[pri:0, instance:com.mindtree.runner.Runner@2ef3eef9]" started-at="2022-07-28T22:02:21 IST" name="signUpEmailInvalid" finished-at="2022-07-28T22:03:18 IST" duration-ms="57383" status="FAIL">
          <exception class="java.lang.AssertionError">
            <message>
              <![CDATA[null]]>
            </message>
            <full-stacktrace>
              <![CDATA[java.lang.AssertionError: null
at org.testng.Assert.fail(Assert.java:99)
at org.testng.Assert.fail(Assert.java:106)
at com.mindtree.pageobject.SignUpFormPageObject.verifyInvalidAccount(SignUpFormPageObject.java:129)
at com.mindtree.runner.Runner.signUpEmailInvalid(Runner.java:161)
at java.base/jdk.internal.reflect.NativeMethodAccessorImpl.invoke0(Native Method)
at java.base/jdk.internal.reflect.NativeMethodAccessorImpl.invoke(NativeMethodAccessorImpl.java:77)
at java.base/jdk.internal.reflect.DelegatingMethodAccessorImpl.invoke(DelegatingMethodAccessorImpl.java:43)
at java.base/java.lang.reflect.Method.invoke(Method.java:568)
at org.testng.internal.MethodInvocationHelper.invokeMethod(MethodInvocationHelper.java:133)
at org.testng.internal.TestInvoker.invokeMethod(TestInvoker.java:598)
at org.testng.internal.TestInvoker.invokeTestMethod(TestInvoker.java:173)
at org.testng.internal.MethodRunner.runInSequence(MethodRunner.java:46)
at org.testng.internal.TestInvoker$MethodInvocationAgent.invoke(TestInvoker.java:824)
at org.testng.internal.TestInvoker.invokeTestMethods(TestInvoker.java:146)
at org.testng.internal.TestMethodWorker.invokeTestMethods(TestMethodWorker.java:146)
at org.testng.internal.TestMethodWorker.run(TestMethodWorker.java:128)
at java.base/java.util.ArrayList.forEach(ArrayList.java:1511)
at org.testng.TestRunner.privateRun(TestRunner.java:794)
at org.testng.TestRunner.run(TestRunner.java:596)
at org.testng.SuiteRunner.runTest(SuiteRunner.java:377)
at org.testng.SuiteRunner.runSequentially(SuiteRunner.java:371)
at org.testng.SuiteRunner.privateRun(SuiteRunner.java:332)
at org.testng.SuiteRunner.run(SuiteRunner.java:276)
at org.testng.SuiteRunnerWorker.runSuite(SuiteRunnerWorker.java:53)
at org.testng.SuiteRunnerWorker.run(SuiteRunnerWorker.java:96)
at org.testng.TestNG.runSuitesSequentially(TestNG.java:1212)
at org.testng.TestNG.runSuitesLocally(TestNG.java:1134)
at org.testng.TestNG.runSuites(TestNG.java:1063)
at org.testng.TestNG.run(TestNG.java:1031)
at org.testng.remote.AbstractRemoteTestNG.run(AbstractRemoteTestNG.java:115)
at org.testng.remote.RemoteTestNG.initAndRun(RemoteTestNG.java:251)
at org.testng.remote.RemoteTestNG.main(RemoteTestNG.java:77)
]]>
            </full-stacktrace>
          </exception> <!-- java.lang.AssertionError -->
          <reporter-output>
          </reporter-output>
        </test-method> <!-- signUpEmailInvalid -->
        <test-method is-config="true" signature="flushReport()[pri:0, instance:com.mindtree.runner.Runner@2ef3eef9]" started-at="2022-07-28T22:03:18 IST" name="flushReport" finished-at="2022-07-28T22:03:18 IST" duration-ms="24" status="PASS">
          <reporter-output>
          </reporter-output>
        </test-method> <!-- flushReport -->
        <test-method signature="signUpValid()[pri:0, instance:com.mindtree.runner.Runner@2ef3eef9]" started-at="2022-07-28T22:03:18 IST" name="signUpValid" finished-at="2022-07-28T22:04:06 IST" duration-ms="48255" status="PASS">
          <reporter-output>
          </reporter-output>
        </test-method> <!-- signUpValid -->
        <test-method is-config="true" signature="newObjects()[pri:0, instance:com.mindtree.runner.Runner@2ef3eef9]" started-at="2022-07-28T22:03:18 IST" name="newObjects" finished-at="2022-07-28T22:03:18 IST" duration-ms="0" status="PASS">
          <reporter-output>
          </reporter-output>
        </test-method> <!-- newObjects -->
        <test-method is-config="true" signature="flushReport()[pri:0, instance:com.mindtree.runner.Runner@2ef3eef9]" started-at="2022-07-28T22:04:06 IST" name="flushReport" finished-at="2022-07-28T22:04:06 IST" duration-ms="37" status="PASS">
          <reporter-output>
          </reporter-output>
        </test-method> <!-- flushReport -->
        <test-method is-config="true" signature="newObjects()[pri:0, instance:com.mindtree.runner.Runner@2ef3eef9]" started-at="2022-07-28T22:04:06 IST" name="newObjects" finished-at="2022-07-28T22:04:06 IST" duration-ms="0" status="PASS">
          <reporter-output>
          </reporter-output>
        </test-method> <!-- newObjects -->
        <test-method signature="tncFooter()[pri:0, instance:com.mindtree.runner.Runner@2ef3eef9]" started-at="2022-07-28T22:04:06 IST" name="tncFooter" finished-at="2022-07-28T22:04:45 IST" duration-ms="38461" status="PASS">
          <reporter-output>
          </reporter-output>
        </test-method> <!-- tncFooter -->
        <test-method is-config="true" signature="flushReport()[pri:0, instance:com.mindtree.runner.Runner@2ef3eef9]" started-at="2022-07-28T22:04:45 IST" name="flushReport" finished-at="2022-07-28T22:04:45 IST" duration-ms="20" status="PASS">
          <reporter-output>
          </reporter-output>
        </test-method> <!-- flushReport -->
        <test-method is-config="true" signature="openReport()[pri:0, instance:com.mindtree.runner.Runner@2ef3eef9]" started-at="2022-07-28T22:04:45 IST" name="openReport" finished-at="2022-07-28T22:04:49 IST" duration-ms="4488" status="PASS">
          <reporter-output>
          </reporter-output>
        </test-method> <!-- openReport -->
      </class> <!-- com.mindtree.runner.Runner -->
    </test> <!-- Default test -->
  </suite> <!-- Default suite -->
</testng-results>
