<?xml version="1.0" encoding="UTF-8"?>
<testng-results ignored="10" total="11" passed="1" failed="0" skipped="0">
  <reporter-output>
  </reporter-output>
  <suite started-at="2022-08-03T11:30:21 IST" name="Default suite" finished-at="2022-08-03T11:30:36 IST" duration-ms="15503">
    <groups>
    </groups>
    <test started-at="2022-08-03T11:30:21 IST" name="Default test" finished-at="2022-08-03T11:30:36 IST" duration-ms="15503">
      <class name="com.mindtree.runner.Runner">
        <test-method is-config="true" signature="extentReport()[pri:0, instance:com.mindtree.runner.Runner@4f209819]" started-at="2022-08-03T11:30:20 IST" name="extentReport" finished-at="2022-08-03T11:30:21 IST" duration-ms="583" status="PASS">
          <reporter-output>
          </reporter-output>
        </test-method> <!-- extentReport -->
        <test-method is-config="true" signature="newObjects()[pri:0, instance:com.mindtree.runner.Runner@4f209819]" started-at="2022-08-03T11:30:21 IST" name="newObjects" finished-at="2022-08-03T11:30:21 IST" duration-ms="18" status="PASS">
          <reporter-output>
          </reporter-output>
        </test-method> <!-- newObjects -->
        <test-method signature="promoHome()[pri:0, instance:com.mindtree.runner.Runner@4f209819]" started-at="2022-08-03T11:30:21 IST" name="promoHome" finished-at="2022-08-03T11:30:36 IST" duration-ms="15207" status="PASS">
          <reporter-output>
          </reporter-output>
        </test-method> <!-- promoHome -->
        <test-method is-config="true" signature="flushReport()[pri:0, instance:com.mindtree.runner.Runner@4f209819]" started-at="2022-08-03T11:30:36 IST" name="flushReport" finished-at="2022-08-03T11:30:36 IST" duration-ms="253" status="PASS">
          <reporter-output>
          </reporter-output>
        </test-method> <!-- flushReport -->
        <test-method is-config="true" signature="openReport()[pri:0, instance:com.mindtree.runner.Runner@4f209819]" started-at="2022-08-03T11:30:36 IST" name="openReport" finished-at="2022-08-03T11:30:39 IST" duration-ms="2790" status="PASS">
          <reporter-output>
          </reporter-output>
        </test-method> <!-- openReport -->
      </class> <!-- com.mindtree.runner.Runner -->
    </test> <!-- Default test -->
  </suite> <!-- Default suite -->
</testng-results>
